e:\github\net\net\x64\debug\serializable.obj
e:\github\net\net\x64\debug\connection.obj
e:\github\net\net\x64\debug\network.obj
e:\github\net\net\x64\debug\socket.obj
e:\github\net\net\x64\debug\server.obj
e:\github\net\net\x64\debug\packetmanager.obj
e:\github\net\net\x64\debug\packet.obj
e:\github\net\net\x64\debug\ipendpoint.obj
e:\github\net\net\x64\debug\client.obj
e:\github\net\net\x64\debug\net.pdb
e:\github\net\net\x64\debug\database.obj
e:\github\net\net\x64\debug\statement.obj
e:\github\net\net\x64\debug\net.idb
e:\github\net\net\x64\debug\sqlite3.obj
e:\github\net\net\x64\debug\command.obj
e:\github\net\net\x64\debug\transaction.obj
e:\github\net\x64\debug\net.lib
e:\github\net\net\x64\debug\net.tlog\cl.command.1.tlog
e:\github\net\net\x64\debug\net.tlog\cl.read.1.tlog
e:\github\net\net\x64\debug\net.tlog\cl.write.1.tlog
e:\github\net\net\x64\debug\net.tlog\lib-link.read.1.tlog
e:\github\net\net\x64\debug\net.tlog\lib-link.write.1.tlog
e:\github\net\net\x64\debug\net.tlog\lib.command.1.tlog
